process=9550, parent=3980
Dr. Memory version 2.0.0 build 1 built on Aug 29 2017 01:21:09
start time: 3652983:49:38.244 == 15:49:38.244 09/24/2017
Recorded 17 suppression(s) from default /home/ermak/DrMemory-Linux-2.0.0-RC1/bin64/suppress-default.txt
new thread #0 id=9550

module load event: "main.exe" 0x0000000000400000-0x0000000000603000 modid: 1 /media/ermak/94B2DAA4B2DA8A5E/C_projects/iu7-cprog-labs-2017-ermakovmaksim/lab_07_05_05/main.exe

module load event: "libdrmemorylib.so" 0x0000000073800000-0x000000007394d000 modid: 2 /home/ermak/DrMemory-Linux-2.0.0-RC1/bin64/release/libdrmemorylib.so

module load event: "libdynamorio.so" 0x0000559e3d7b5000-0x0000559e3d99f000 modid: 3 /home/ermak/DrMemory-Linux-2.0.0-RC1/dynamorio/lib64/release/libdynamorio.so

module load event: "ld-linux-x86-64.so.2" 0x00007f6248a9a000-0x00007f6248cc2000 modid: 4 /lib/x86_64-linux-gnu/ld-2.23.so

module load event: "libc.so.6" 0x00007f624781c000-0x00007f6247be6000 modid: 5 /lib/x86_64-linux-gnu/libc-2.23.so

DUPLICATE ERROR COUNTS:

SUPPRESSIONS USED:
	     2x (leaked    4368 bytes): default (ld-linux stores index+1)

NO ERRORS FOUND:
      0 unique,     0 total unaddressable access(es)
      0 unique,     0 total uninitialized access(es)
      0 unique,     0 total invalid heap argument(s)
      0 unique,     0 total warning(s)
      0 unique,     0 total,      0 byte(s) of leak(s)
      0 unique,     0 total,      0 byte(s) of possible leak(s)
ERRORS IGNORED:
      0 ignored assumed-innocuous system leak(s)
     16 unique,    19 total,  17063 byte(s) of still-reachable allocation(s)
         (re-run with "-show_reachable" for details)
Details: /media/ermak/94B2DAA4B2DA8A5E/C_projects/iu7-cprog-labs-2017-ermakovmaksim/lab_07_05_05/DrMemory-main.exe.9550.000/results.txt

DUPLICATE POTENTIAL ERROR COUNTS:

NO POTENTIAL ERRORS FOUND:
      0 unique,     0 total potential unaddressable access(es)
      0 unique,     0 total potential uninitialized access(es)
      0 unique,     0 total potential invalid heap argument(s)
      0 unique,     0 total potential warning(s)
      0 unique,     0 total,      0 byte(s) of potential leak(s)
      0 unique,     0 total,      0 byte(s) of potential possible leak(s)
Details: /media/ermak/94B2DAA4B2DA8A5E/C_projects/iu7-cprog-labs-2017-ermakovmaksim/lab_07_05_05/DrMemory-main.exe.9550.000/potential_errors.txt
Exiting @0:00:00.554 in thread 9550
LOG END
